0 verbose cli C:\Program Files\nodejs\node.exe C:\Program Files\nodejs\node_modules\npm\bin\npm-cli.js
1 info using npm@10.8.2
2 info using node@v20.18.0
3 silly config load:file:C:\Program Files\nodejs\node_modules\npm\npmrc
4 silly config load:file:C:\desenvolvimento\trabalhoB2\.npmrc
5 silly config load:file:C:\Users\luizf\.npmrc
6 silly config load:file:C:\Users\luizf\AppDate\Roaming\npm\etc\npmrc
7 verbose title npm ls @react-navigation/native
8 verbose argv "ls" "@react-navigation/native"
9 verbose logfile logs-max:10 dir:C:\desenvolvimento\trabalhoB2\UsersluizfAppDataLocalnpm-cache\_logs\2025-11-27T03_57_53_172Z-
10 verbose logfile C:\desenvolvimento\trabalhoB2\UsersluizfAppDataLocalnpm-cache\_logs\2025-11-27T03_57_53_172Z-debug-0.log
11 silly packumentCache heap:2197815296 maxSize:549453824 maxEntrySize:274726912
12 silly logfile start cleaning logs, removing 1 files
13 silly logfile done cleaning log files
14 verbose cwd C:\desenvolvimento\trabalhoB2
15 verbose os Windows_NT 10.0.26200
16 verbose node v20.18.0
17 verbose npm  v10.8.2
18 verbose exit 0
19 info ok
